<?xml version="1.0" encoding="UTF-8"?>
<!-- Generated by org.testng.reporters.JUnitReportReporter -->
<testsuite hostname="QT-INBG-LT0478" failures="0" tests="3" name="HomeA.LandingApp" time="15.635" errors="0" timestamp="2022-06-16T21:48:35 IST" skipped="0">
  <testcase classname="HomeA.LandingApp" name="home_method" time="6.459"/>
  <system-out/>
  <testcase classname="HomeA.LandingApp" name="Orderpa" time="5.510"/>
  <system-out/>
  <testcase classname="HomeA.LandingApp" name="contactus" time="3.666"/>
  <system-out/>
</testsuite> <!-- HomeA.LandingApp -->
