<?xml version="1.0" encoding="UTF-8"?>
<!-- Generated by org.testng.reporters.JUnitReportReporter -->
<testsuite hostname="QT-INBG-LT0478" failures="0" tests="1" name="HomeA.HomeMob" time="5.090" errors="0" timestamp="2022-06-16T12:03:22 IST" skipped="0">
  <testcase classname="HomeA.HomeMob" name="home_method" time="5.090"/>
  <system-out/>
</testsuite> <!-- HomeA.HomeMob -->
